<?xml version="1.0" encoding="UTF-8"?>
<!-- Generated by org.testng.reporters.JUnitXMLReporter -->
<testsuite ignored="0" hostname="DESKTOP-UFSS8DA" failures="2" tests="2" name="Cart Tests" time="2.045" errors="0" timestamp="2025-03-19T22:02:28 IST">
  <testcase classname="TestCases.CartTest" name="testOrderPlacement" time="0.001">
    <failure type="java.lang.NullPointerException" message="Cannot invoke &amp;quot;pages.LoginPage.login(String, String)&amp;quot; because &amp;quot;this.loginPage&amp;quot; is null">
      <![CDATA[java.lang.NullPointerException: Cannot invoke "pages.LoginPage.login(String, String)" because "this.loginPage" is null
at TestCases.CartTest.testOrderPlacement(CartTest.java:38)
at java.base/java.util.ArrayList.forEach(ArrayList.java:1597)
... Removed 25 stack frames]]>
    </failure>
  </testcase> <!-- testOrderPlacement -->
  <testcase classname="TestCases.CartTest" name="testDeleteProductFromCart" time="0.0">
    <failure type="java.lang.NullPointerException" message="Cannot invoke &amp;quot;pages.LoginPage.login(String, String)&amp;quot; because &amp;quot;this.loginPage&amp;quot; is null">
      <![CDATA[java.lang.NullPointerException: Cannot invoke "pages.LoginPage.login(String, String)" because "this.loginPage" is null
at TestCases.CartTest.testDeleteProductFromCart(CartTest.java:67)
at java.base/java.util.ArrayList.forEach(ArrayList.java:1597)
... Removed 25 stack frames]]>
    </failure>
  </testcase> <!-- testDeleteProductFromCart -->
</testsuite> <!-- Cart Tests -->
