<?xml version="1.0" encoding="UTF-8"?>
<!-- Generated by org.testng.reporters.JUnitXMLReporter -->
<testsuite ignored="0" hostname="DESKTOP-UFSS8DA" failures="1" tests="1" name="SignUp Tests" time="5.472" errors="0" timestamp="2025-03-19T22:01:13 IST">
  <testcase classname="io.cucumber.testng.AbstractTestNGCucumberTests" name="runScenario" time="5.172">
    <failure type="java.lang.IllegalStateException" message="WebDriver instance is null">
      <![CDATA[java.lang.IllegalStateException: WebDriver instance is null
at pages.SignUpPage.<init>(SignUpPage.java:33)
at stepDefinations.SignupSteps.the_user_is_on_homepage(SignupSteps.java:35)
at ✽.the user is on homepage(file:///C:/Users/Windows/eclipse-workspace/Wipro_Capstone_Project/./src/main/java/features/signup.feature:5)
]]>
    </failure>
  </testcase> <!-- runScenario -->
</testsuite> <!-- SignUp Tests -->
