<?xml version="1.0" encoding="UTF-8"?>
<testng-results ignored="0" total="16" passed="16" failed="0" skipped="0">
  <reporter-output>
  </reporter-output>
  <suite started-at="2025-03-22T14:04:22 IST" name="DemoBlaze Parallel Test Suite" finished-at="2025-03-22T14:06:31 IST" duration-ms="128718">
    <groups>
      <group name="cucumber">
        <method signature="AbstractTestNGCucumberTests.runScenario(io.cucumber.testng.PickleWrapper,io.cucumber.testng.FeatureWrapper)[pri:0, instance:MyRunner.signUpRunner@233795b6]" name="runScenario" class="io.cucumber.testng.AbstractTestNGCucumberTests"/>
        <method signature="AbstractTestNGCucumberTests.runScenario(io.cucumber.testng.PickleWrapper,io.cucumber.testng.FeatureWrapper)[pri:0, instance:MyRunner.signUpRunner@7fee8714]" name="runScenario" class="io.cucumber.testng.AbstractTestNGCucumberTests"/>
      </group> <!-- cucumber -->
    </groups>
    <test started-at="2025-03-22T14:04:22 IST" name="Signup Test by Junit" finished-at="2025-03-22T14:04:22 IST" duration-ms="17">
    </test> <!-- Signup Test by Junit -->
    <test started-at="2025-03-22T14:04:22 IST" name="Signup Test on Chrome" finished-at="2025-03-22T14:04:42 IST" duration-ms="19745">
      <class name="MyRunner.signUpRunner">
        <test-method is-config="true" signature="setUpClass(org.testng.ITestContext)[pri:0, instance:MyRunner.signUpRunner@233795b6]" started-at="2025-03-22T14:04:22 IST" name="setUpClass" finished-at="2025-03-22T14:04:23 IST" duration-ms="1313" status="PASS">
          <params>
            <param index="0">
              <value>
                <![CDATA[org.testng.TestRunner@201a4587]]>
              </value>
            </param>
          </params>
          <reporter-output>
          </reporter-output>
        </test-method> <!-- setUpClass -->
        <test-method is-config="true" signature="setup(java.lang.String)[pri:0, instance:MyRunner.signUpRunner@233795b6]" started-at="2025-03-22T14:04:23 IST" name="setup" finished-at="2025-03-22T14:04:33 IST" duration-ms="9544" status="PASS">
          <params>
            <param index="0">
              <value>
                <![CDATA[chrome]]>
              </value>
            </param>
          </params>
          <reporter-output>
          </reporter-output>
        </test-method> <!-- setup -->
        <test-method signature="runScenario(io.cucumber.testng.PickleWrapper,io.cucumber.testng.FeatureWrapper)[pri:0, instance:MyRunner.signUpRunner@233795b6]" started-at="2025-03-22T14:04:33 IST" name="runScenario" description="Runs Cucumber Scenarios" data-provider="scenarios" finished-at="2025-03-22T14:04:42 IST" duration-ms="8765" status="PASS">
          <params>
            <param index="0">
              <value>
                <![CDATA["Register a new user"]]>
              </value>
            </param>
            <param index="1">
              <value>
                <![CDATA["User Signup"]]>
              </value>
            </param>
          </params>
          <reporter-output>
          </reporter-output>
        </test-method> <!-- runScenario -->
        <test-method is-config="true" signature="tearDownClass()[pri:0, instance:MyRunner.signUpRunner@233795b6]" started-at="2025-03-22T14:04:42 IST" name="tearDownClass" finished-at="2025-03-22T14:04:42 IST" duration-ms="25" status="PASS">
          <reporter-output>
          </reporter-output>
        </test-method> <!-- tearDownClass -->
      </class> <!-- MyRunner.signUpRunner -->
    </test> <!-- Signup Test on Chrome -->
    <test started-at="2025-03-22T14:04:42 IST" name="Contact Form Test on Chrome" finished-at="2025-03-22T14:04:52 IST" duration-ms="10650">
      <class name="TestCases.ContactTest">
        <test-method is-config="true" signature="setUp(java.lang.String)[pri:0, instance:TestCases.ContactTest@76c3e77a]" started-at="2025-03-22T14:04:42 IST" name="setUp" finished-at="2025-03-22T14:04:47 IST" duration-ms="5092" status="PASS">
          <params>
            <param index="0">
              <value>
                <![CDATA[chrome]]>
              </value>
            </param>
          </params>
          <reporter-output>
          </reporter-output>
        </test-method> <!-- setUp -->
        <test-method signature="testSubmitContactForm(java.lang.String,java.lang.String,java.lang.String)[pri:0, instance:TestCases.ContactTest@76c3e77a]" started-at="2025-03-22T14:04:47 IST" name="testSubmitContactForm" finished-at="2025-03-22T14:04:52 IST" duration-ms="4656" status="PASS">
          <params>
            <param index="0">
              <value>
                <![CDATA[testuser@example.com]]>
              </value>
            </param>
            <param index="1">
              <value>
                <![CDATA[Test User]]>
              </value>
            </param>
            <param index="2">
              <value>
                <![CDATA[This is a test message for the contact form.]]>
              </value>
            </param>
          </params>
          <reporter-output>
          </reporter-output>
        </test-method> <!-- testSubmitContactForm -->
        <test-method is-config="true" signature="tearDownTest()[pri:0, instance:TestCases.ContactTest@76c3e77a]" started-at="2025-03-22T14:04:52 IST" name="tearDownTest" finished-at="2025-03-22T14:04:52 IST" duration-ms="895" status="PASS">
          <reporter-output>
          </reporter-output>
        </test-method> <!-- tearDownTest -->
        <test-method is-config="true" signature="closeBrowser()[pri:0, instance:TestCases.ContactTest@76c3e77a]" started-at="2025-03-22T14:04:52 IST" name="closeBrowser" finished-at="2025-03-22T14:04:52 IST" duration-ms="1" status="PASS">
          <reporter-output>
          </reporter-output>
        </test-method> <!-- closeBrowser -->
      </class> <!-- TestCases.ContactTest -->
    </test> <!-- Contact Form Test on Chrome -->
    <test started-at="2025-03-22T14:04:22 IST" name="Login Test on Chrome" finished-at="2025-03-22T14:04:59 IST" duration-ms="36960">
      <class name="TestCases.LoginTest">
        <test-method is-config="true" signature="setUp(java.lang.String)[pri:0, instance:TestCases.LoginTest@63a12c68]" started-at="2025-03-22T14:04:22 IST" name="setUp" finished-at="2025-03-22T14:04:36 IST" duration-ms="14211" status="PASS">
          <params>
            <param index="0">
              <value>
                <![CDATA[chrome]]>
              </value>
            </param>
          </params>
          <reporter-output>
          </reporter-output>
        </test-method> <!-- setUp -->
        <test-method signature="testValidLogin()[pri:1, instance:TestCases.LoginTest@63a12c68]" started-at="2025-03-22T14:04:36 IST" name="testValidLogin" finished-at="2025-03-22T14:04:49 IST" duration-ms="12332" status="PASS">
          <reporter-output>
          </reporter-output>
        </test-method> <!-- testValidLogin -->
        <test-method is-config="true" signature="tearDownTest()[pri:0, instance:TestCases.LoginTest@63a12c68]" started-at="2025-03-22T14:04:49 IST" name="tearDownTest" finished-at="2025-03-22T14:04:50 IST" duration-ms="877" status="PASS">
          <reporter-output>
          </reporter-output>
        </test-method> <!-- tearDownTest -->
        <test-method is-config="true" signature="setUp(java.lang.String)[pri:0, instance:TestCases.LoginTest@63a12c68]" started-at="2025-03-22T14:04:50 IST" name="setUp" finished-at="2025-03-22T14:04:55 IST" duration-ms="4855" status="PASS">
          <params>
            <param index="0">
              <value>
                <![CDATA[chrome]]>
              </value>
            </param>
          </params>
          <reporter-output>
          </reporter-output>
        </test-method> <!-- setUp -->
        <test-method signature="testInvalidLogin()[pri:2, instance:TestCases.LoginTest@63a12c68]" started-at="2025-03-22T14:04:55 IST" name="testInvalidLogin" finished-at="2025-03-22T14:04:59 IST" duration-ms="4019" status="PASS">
          <reporter-output>
          </reporter-output>
        </test-method> <!-- testInvalidLogin -->
        <test-method is-config="true" signature="tearDownTest()[pri:0, instance:TestCases.LoginTest@63a12c68]" started-at="2025-03-22T14:04:59 IST" name="tearDownTest" finished-at="2025-03-22T14:04:59 IST" duration-ms="630" status="PASS">
          <reporter-output>
          </reporter-output>
        </test-method> <!-- tearDownTest -->
        <test-method is-config="true" signature="closeBrowser()[pri:0, instance:TestCases.LoginTest@63a12c68]" started-at="2025-03-22T14:04:59 IST" name="closeBrowser" finished-at="2025-03-22T14:04:59 IST" duration-ms="0" status="PASS">
          <reporter-output>
          </reporter-output>
        </test-method> <!-- closeBrowser -->
      </class> <!-- TestCases.LoginTest -->
    </test> <!-- Login Test on Chrome -->
    <test started-at="2025-03-22T14:04:52 IST" name="About Us Test on Chrome" finished-at="2025-03-22T14:05:00 IST" duration-ms="7631">
      <class name="TestCases.AboutUsTest">
        <test-method is-config="true" signature="setUp(java.lang.String)[pri:0, instance:TestCases.AboutUsTest@2a54a73f]" started-at="2025-03-22T14:04:52 IST" name="setUp" finished-at="2025-03-22T14:04:56 IST" duration-ms="3574" status="PASS">
          <params>
            <param index="0">
              <value>
                <![CDATA[chrome]]>
              </value>
            </param>
          </params>
          <reporter-output>
          </reporter-output>
        </test-method> <!-- setUp -->
        <test-method signature="testAboutUsNavigation()[pri:0, instance:TestCases.AboutUsTest@2a54a73f]" started-at="2025-03-22T14:04:56 IST" name="testAboutUsNavigation" finished-at="2025-03-22T14:05:00 IST" duration-ms="3567" status="PASS">
          <reporter-output>
          </reporter-output>
        </test-method> <!-- testAboutUsNavigation -->
        <test-method is-config="true" signature="tearDownTest()[pri:0, instance:TestCases.AboutUsTest@2a54a73f]" started-at="2025-03-22T14:05:00 IST" name="tearDownTest" finished-at="2025-03-22T14:05:00 IST" duration-ms="481" status="PASS">
          <reporter-output>
          </reporter-output>
        </test-method> <!-- tearDownTest -->
        <test-method is-config="true" signature="closeBrowser()[pri:0, instance:TestCases.AboutUsTest@2a54a73f]" started-at="2025-03-22T14:05:00 IST" name="closeBrowser" finished-at="2025-03-22T14:05:00 IST" duration-ms="0" status="PASS">
          <reporter-output>
          </reporter-output>
        </test-method> <!-- closeBrowser -->
      </class> <!-- TestCases.AboutUsTest -->
    </test> <!-- About Us Test on Chrome -->
    <test started-at="2025-03-22T14:05:00 IST" name="Cart Test on Chrome" finished-at="2025-03-22T14:05:14 IST" duration-ms="14236">
      <class name="TestCases.CartTest">
        <test-method is-config="true" signature="setUp(java.lang.String)[pri:0, instance:TestCases.CartTest@7133da86]" started-at="2025-03-22T14:05:00 IST" name="setUp" finished-at="2025-03-22T14:05:07 IST" duration-ms="6556" status="PASS">
          <params>
            <param index="0">
              <value>
                <![CDATA[chrome]]>
              </value>
            </param>
          </params>
          <reporter-output>
          </reporter-output>
        </test-method> <!-- setUp -->
        <test-method signature="testOpenCart()[pri:1, instance:TestCases.CartTest@7133da86]" started-at="2025-03-22T14:05:07 IST" name="testOpenCart" finished-at="2025-03-22T14:05:09 IST" duration-ms="1968" status="PASS">
          <reporter-output>
          </reporter-output>
        </test-method> <!-- testOpenCart -->
        <test-method signature="testPlaceOrder()[pri:2, instance:TestCases.CartTest@7133da86]" started-at="2025-03-22T14:05:09 IST" name="testPlaceOrder" finished-at="2025-03-22T14:05:13 IST" depends-on-methods="TestCases.CartTest.testOpenCart" duration-ms="4510" status="PASS">
          <reporter-output>
          </reporter-output>
        </test-method> <!-- testPlaceOrder -->
        <test-method is-config="true" signature="tearDown()[pri:0, instance:TestCases.CartTest@7133da86]" started-at="2025-03-22T14:05:13 IST" name="tearDown" finished-at="2025-03-22T14:05:14 IST" duration-ms="1171" status="PASS">
          <reporter-output>
          </reporter-output>
        </test-method> <!-- tearDown -->
        <test-method is-config="true" signature="closeBrowser()[pri:0, instance:TestCases.CartTest@7133da86]" started-at="2025-03-22T14:05:14 IST" name="closeBrowser" finished-at="2025-03-22T14:05:14 IST" duration-ms="0" status="PASS">
          <reporter-output>
          </reporter-output>
        </test-method> <!-- closeBrowser -->
      </class> <!-- TestCases.CartTest -->
    </test> <!-- Cart Test on Chrome -->
    <test started-at="2025-03-22T14:04:59 IST" name="Category Test on Chrome" finished-at="2025-03-22T14:05:28 IST" duration-ms="28688">
      <class name="TestCases.CategoryTest">
        <test-method is-config="true" signature="setUp(java.lang.String)[pri:0, instance:TestCases.CategoryTest@156b88f5]" started-at="2025-03-22T14:04:59 IST" name="setUp" finished-at="2025-03-22T14:05:02 IST" duration-ms="3065" status="PASS">
          <params>
            <param index="0">
              <value>
                <![CDATA[chrome]]>
              </value>
            </param>
          </params>
          <reporter-output>
          </reporter-output>
        </test-method> <!-- setUp -->
        <test-method signature="testAddingProductsFromDifferentCategories()[pri:1, instance:TestCases.CategoryTest@156b88f5]" started-at="2025-03-22T14:05:02 IST" name="testAddingProductsFromDifferentCategories" finished-at="2025-03-22T14:05:22 IST" duration-ms="19765" status="PASS">
          <reporter-output>
          </reporter-output>
        </test-method> <!-- testAddingProductsFromDifferentCategories -->
        <test-method is-config="true" signature="tearDown()[pri:0, instance:TestCases.CategoryTest@156b88f5]" started-at="2025-03-22T14:05:22 IST" name="tearDown" finished-at="2025-03-22T14:05:28 IST" duration-ms="5765" status="PASS">
          <reporter-output>
          </reporter-output>
        </test-method> <!-- tearDown -->
        <test-method is-config="true" signature="closeBrowser()[pri:0, instance:TestCases.CategoryTest@156b88f5]" started-at="2025-03-22T14:05:28 IST" name="closeBrowser" finished-at="2025-03-22T14:05:28 IST" duration-ms="0" status="PASS">
          <reporter-output>
          </reporter-output>
        </test-method> <!-- closeBrowser -->
      </class> <!-- TestCases.CategoryTest -->
    </test> <!-- Category Test on Chrome -->
    <test started-at="2025-03-22T14:05:14 IST" name="Signup Test on Firefox" finished-at="2025-03-22T14:05:33 IST" duration-ms="18509">
      <class name="MyRunner.signUpRunner">
        <test-method is-config="true" signature="setUpClass(org.testng.ITestContext)[pri:0, instance:MyRunner.signUpRunner@7fee8714]" started-at="2025-03-22T14:05:14 IST" name="setUpClass" finished-at="2025-03-22T14:05:14 IST" duration-ms="43" status="PASS">
          <params>
            <param index="0">
              <value>
                <![CDATA[org.testng.TestRunner@4310d43]]>
              </value>
            </param>
          </params>
          <reporter-output>
          </reporter-output>
        </test-method> <!-- setUpClass -->
        <test-method is-config="true" signature="setup(java.lang.String)[pri:0, instance:MyRunner.signUpRunner@7fee8714]" started-at="2025-03-22T14:05:14 IST" name="setup" finished-at="2025-03-22T14:05:26 IST" duration-ms="11980" status="PASS">
          <params>
            <param index="0">
              <value>
                <![CDATA[firefox]]>
              </value>
            </param>
          </params>
          <reporter-output>
          </reporter-output>
        </test-method> <!-- setup -->
        <test-method signature="runScenario(io.cucumber.testng.PickleWrapper,io.cucumber.testng.FeatureWrapper)[pri:0, instance:MyRunner.signUpRunner@7fee8714]" started-at="2025-03-22T14:05:26 IST" name="runScenario" description="Runs Cucumber Scenarios" data-provider="scenarios" finished-at="2025-03-22T14:05:33 IST" duration-ms="6462" status="PASS">
          <params>
            <param index="0">
              <value>
                <![CDATA["Register a new user"]]>
              </value>
            </param>
            <param index="1">
              <value>
                <![CDATA["User Signup"]]>
              </value>
            </param>
          </params>
          <reporter-output>
          </reporter-output>
        </test-method> <!-- runScenario -->
        <test-method is-config="true" signature="tearDownClass()[pri:0, instance:MyRunner.signUpRunner@7fee8714]" started-at="2025-03-22T14:05:33 IST" name="tearDownClass" finished-at="2025-03-22T14:05:33 IST" duration-ms="19" status="PASS">
          <reporter-output>
          </reporter-output>
        </test-method> <!-- tearDownClass -->
      </class> <!-- MyRunner.signUpRunner -->
    </test> <!-- Signup Test on Firefox -->
    <test started-at="2025-03-22T14:05:33 IST" name="Contact Form Test on Firefox" finished-at="2025-03-22T14:05:49 IST" duration-ms="15628">
      <class name="TestCases.ContactTest">
        <test-method is-config="true" signature="setUp(java.lang.String)[pri:0, instance:TestCases.ContactTest@22ef9844]" started-at="2025-03-22T14:05:33 IST" name="setUp" finished-at="2025-03-22T14:05:44 IST" duration-ms="10910" status="PASS">
          <params>
            <param index="0">
              <value>
                <![CDATA[firefox]]>
              </value>
            </param>
          </params>
          <reporter-output>
          </reporter-output>
        </test-method> <!-- setUp -->
        <test-method signature="testSubmitContactForm(java.lang.String,java.lang.String,java.lang.String)[pri:0, instance:TestCases.ContactTest@22ef9844]" started-at="2025-03-22T14:05:44 IST" name="testSubmitContactForm" finished-at="2025-03-22T14:05:47 IST" duration-ms="3268" status="PASS">
          <params>
            <param index="0">
              <value>
                <![CDATA[testuser@example.com]]>
              </value>
            </param>
            <param index="1">
              <value>
                <![CDATA[Test User]]>
              </value>
            </param>
            <param index="2">
              <value>
                <![CDATA[This is a test message for the contact form.]]>
              </value>
            </param>
          </params>
          <reporter-output>
          </reporter-output>
        </test-method> <!-- testSubmitContactForm -->
        <test-method is-config="true" signature="tearDownTest()[pri:0, instance:TestCases.ContactTest@22ef9844]" started-at="2025-03-22T14:05:47 IST" name="tearDownTest" finished-at="2025-03-22T14:05:49 IST" duration-ms="1447" status="PASS">
          <reporter-output>
          </reporter-output>
        </test-method> <!-- tearDownTest -->
        <test-method is-config="true" signature="closeBrowser()[pri:0, instance:TestCases.ContactTest@22ef9844]" started-at="2025-03-22T14:05:49 IST" name="closeBrowser" finished-at="2025-03-22T14:05:49 IST" duration-ms="0" status="PASS">
          <reporter-output>
          </reporter-output>
        </test-method> <!-- closeBrowser -->
      </class> <!-- TestCases.ContactTest -->
    </test> <!-- Contact Form Test on Firefox -->
    <test started-at="2025-03-22T14:05:49 IST" name="About Us Test on Firefox" finished-at="2025-03-22T14:06:04 IST" duration-ms="15624">
      <class name="TestCases.AboutUsTest">
        <test-method is-config="true" signature="setUp(java.lang.String)[pri:0, instance:TestCases.AboutUsTest@1da2cb77]" started-at="2025-03-22T14:05:49 IST" name="setUp" finished-at="2025-03-22T14:05:57 IST" duration-ms="8337" status="PASS">
          <params>
            <param index="0">
              <value>
                <![CDATA[firefox]]>
              </value>
            </param>
          </params>
          <reporter-output>
          </reporter-output>
        </test-method> <!-- setUp -->
        <test-method signature="testAboutUsNavigation()[pri:0, instance:TestCases.AboutUsTest@1da2cb77]" started-at="2025-03-22T14:05:57 IST" name="testAboutUsNavigation" finished-at="2025-03-22T14:06:00 IST" duration-ms="2705" status="PASS">
          <reporter-output>
          </reporter-output>
        </test-method> <!-- testAboutUsNavigation -->
        <test-method is-config="true" signature="tearDownTest()[pri:0, instance:TestCases.AboutUsTest@1da2cb77]" started-at="2025-03-22T14:06:00 IST" name="tearDownTest" finished-at="2025-03-22T14:06:04 IST" duration-ms="4566" status="PASS">
          <reporter-output>
          </reporter-output>
        </test-method> <!-- tearDownTest -->
        <test-method is-config="true" signature="closeBrowser()[pri:0, instance:TestCases.AboutUsTest@1da2cb77]" started-at="2025-03-22T14:06:04 IST" name="closeBrowser" finished-at="2025-03-22T14:06:04 IST" duration-ms="0" status="PASS">
          <reporter-output>
          </reporter-output>
        </test-method> <!-- closeBrowser -->
      </class> <!-- TestCases.AboutUsTest -->
    </test> <!-- About Us Test on Firefox -->
    <test started-at="2025-03-22T14:05:28 IST" name="Login Test on Firefox" finished-at="2025-03-22T14:06:07 IST" duration-ms="39245">
      <class name="TestCases.LoginTest">
        <test-method is-config="true" signature="setUp(java.lang.String)[pri:0, instance:TestCases.LoginTest@2fb3536e]" started-at="2025-03-22T14:05:28 IST" name="setUp" finished-at="2025-03-22T14:05:37 IST" duration-ms="9155" status="PASS">
          <params>
            <param index="0">
              <value>
                <![CDATA[firefox]]>
              </value>
            </param>
          </params>
          <reporter-output>
          </reporter-output>
        </test-method> <!-- setUp -->
        <test-method signature="testValidLogin()[pri:1, instance:TestCases.LoginTest@2fb3536e]" started-at="2025-03-22T14:05:37 IST" name="testValidLogin" finished-at="2025-03-22T14:05:49 IST" duration-ms="11878" status="PASS">
          <reporter-output>
          </reporter-output>
        </test-method> <!-- testValidLogin -->
        <test-method is-config="true" signature="tearDownTest()[pri:0, instance:TestCases.LoginTest@2fb3536e]" started-at="2025-03-22T14:05:49 IST" name="tearDownTest" finished-at="2025-03-22T14:05:52 IST" duration-ms="2908" status="PASS">
          <reporter-output>
          </reporter-output>
        </test-method> <!-- tearDownTest -->
        <test-method is-config="true" signature="setUp(java.lang.String)[pri:0, instance:TestCases.LoginTest@2fb3536e]" started-at="2025-03-22T14:05:52 IST" name="setUp" finished-at="2025-03-22T14:06:03 IST" duration-ms="10647" status="PASS">
          <params>
            <param index="0">
              <value>
                <![CDATA[firefox]]>
              </value>
            </param>
          </params>
          <reporter-output>
          </reporter-output>
        </test-method> <!-- setUp -->
        <test-method signature="testInvalidLogin()[pri:2, instance:TestCases.LoginTest@2fb3536e]" started-at="2025-03-22T14:06:03 IST" name="testInvalidLogin" finished-at="2025-03-22T14:06:05 IST" duration-ms="2043" status="PASS">
          <reporter-output>
          </reporter-output>
        </test-method> <!-- testInvalidLogin -->
        <test-method is-config="true" signature="tearDownTest()[pri:0, instance:TestCases.LoginTest@2fb3536e]" started-at="2025-03-22T14:06:05 IST" name="tearDownTest" finished-at="2025-03-22T14:06:07 IST" duration-ms="2590" status="PASS">
          <reporter-output>
          </reporter-output>
        </test-method> <!-- tearDownTest -->
        <test-method is-config="true" signature="closeBrowser()[pri:0, instance:TestCases.LoginTest@2fb3536e]" started-at="2025-03-22T14:06:07 IST" name="closeBrowser" finished-at="2025-03-22T14:06:07 IST" duration-ms="1" status="PASS">
          <reporter-output>
          </reporter-output>
        </test-method> <!-- closeBrowser -->
      </class> <!-- TestCases.LoginTest -->
    </test> <!-- Login Test on Firefox -->
    <test started-at="2025-03-22T14:06:07 IST" name="Cart Test on Firefox" finished-at="2025-03-22T14:06:24 IST" duration-ms="16698">
      <class name="TestCases.CartTest">
        <test-method is-config="true" signature="setUp(java.lang.String)[pri:0, instance:TestCases.CartTest@66d3eec0]" started-at="2025-03-22T14:06:07 IST" name="setUp" finished-at="2025-03-22T14:06:19 IST" duration-ms="11423" status="PASS">
          <params>
            <param index="0">
              <value>
                <![CDATA[firefox]]>
              </value>
            </param>
          </params>
          <reporter-output>
          </reporter-output>
        </test-method> <!-- setUp -->
        <test-method signature="testOpenCart()[pri:1, instance:TestCases.CartTest@66d3eec0]" started-at="2025-03-22T14:06:19 IST" name="testOpenCart" finished-at="2025-03-22T14:06:20 IST" duration-ms="1183" status="PASS">
          <reporter-output>
          </reporter-output>
        </test-method> <!-- testOpenCart -->
        <test-method signature="testPlaceOrder()[pri:2, instance:TestCases.CartTest@66d3eec0]" started-at="2025-03-22T14:06:20 IST" name="testPlaceOrder" finished-at="2025-03-22T14:06:22 IST" depends-on-methods="TestCases.CartTest.testOpenCart" duration-ms="1824" status="PASS">
          <reporter-output>
          </reporter-output>
        </test-method> <!-- testPlaceOrder -->
        <test-method is-config="true" signature="tearDown()[pri:0, instance:TestCases.CartTest@66d3eec0]" started-at="2025-03-22T14:06:22 IST" name="tearDown" finished-at="2025-03-22T14:06:24 IST" duration-ms="2229" status="PASS">
          <reporter-output>
          </reporter-output>
        </test-method> <!-- tearDown -->
        <test-method is-config="true" signature="closeBrowser()[pri:0, instance:TestCases.CartTest@66d3eec0]" started-at="2025-03-22T14:06:24 IST" name="closeBrowser" finished-at="2025-03-22T14:06:24 IST" duration-ms="1" status="PASS">
          <reporter-output>
          </reporter-output>
        </test-method> <!-- closeBrowser -->
      </class> <!-- TestCases.CartTest -->
    </test> <!-- Cart Test on Firefox -->
    <test started-at="2025-03-22T14:06:04 IST" name="Category Test on Firefox" finished-at="2025-03-22T14:06:31 IST" duration-ms="26601">
      <class name="TestCases.CategoryTest">
        <test-method is-config="true" signature="setUp(java.lang.String)[pri:0, instance:TestCases.CategoryTest@5acf93bb]" started-at="2025-03-22T14:06:04 IST" name="setUp" finished-at="2025-03-22T14:06:14 IST" duration-ms="9837" status="PASS">
          <params>
            <param index="0">
              <value>
                <![CDATA[firefox]]>
              </value>
            </param>
          </params>
          <reporter-output>
          </reporter-output>
        </test-method> <!-- setUp -->
        <test-method signature="testAddingProductsFromDifferentCategories()[pri:1, instance:TestCases.CategoryTest@5acf93bb]" started-at="2025-03-22T14:06:14 IST" name="testAddingProductsFromDifferentCategories" finished-at="2025-03-22T14:06:29 IST" duration-ms="15425" status="PASS">
          <reporter-output>
          </reporter-output>
        </test-method> <!-- testAddingProductsFromDifferentCategories -->
        <test-method is-config="true" signature="tearDown()[pri:0, instance:TestCases.CategoryTest@5acf93bb]" started-at="2025-03-22T14:06:29 IST" name="tearDown" finished-at="2025-03-22T14:06:31 IST" duration-ms="1329" status="PASS">
          <reporter-output>
          </reporter-output>
        </test-method> <!-- tearDown -->
        <test-method is-config="true" signature="closeBrowser()[pri:0, instance:TestCases.CategoryTest@5acf93bb]" started-at="2025-03-22T14:06:31 IST" name="closeBrowser" finished-at="2025-03-22T14:06:31 IST" duration-ms="2" status="PASS">
          <reporter-output>
          </reporter-output>
        </test-method> <!-- closeBrowser -->
      </class> <!-- TestCases.CategoryTest -->
    </test> <!-- Category Test on Firefox -->
  </suite> <!-- DemoBlaze Parallel Test Suite -->
</testng-results>
